2002.09.08 18:07 B C:\Work\cary\cary actual\docs\jobs\63rd\thumb\63rd_1.jpg <-- cary concrete /var/www/htdocs/domain/www.caryconcrete.com/docs/jobs/63rd/thumb 63rd_1.jpg
2002.09.08 18:07 B C:\Work\cary\cary actual\docs\jobs\63rd\thumb\63rd_10.jpg <-- cary concrete /var/www/htdocs/domain/www.caryconcrete.com/docs/jobs/63rd/thumb 63rd_10.jpg
2002.09.08 18:07 B C:\Work\cary\cary actual\docs\jobs\63rd\thumb\63rd_11.jpg <-- cary concrete /var/www/htdocs/domain/www.caryconcrete.com/docs/jobs/63rd/thumb 63rd_11.jpg
2002.09.08 18:07 B C:\Work\cary\cary actual\docs\jobs\63rd\thumb\63rd_12.jpg <-- cary concrete /var/www/htdocs/domain/www.caryconcrete.com/docs/jobs/63rd/thumb 63rd_12.jpg
2002.09.08 18:07 B C:\Work\cary\cary actual\docs\jobs\63rd\thumb\63rd_13.jpg <-- cary concrete /var/www/htdocs/domain/www.caryconcrete.com/docs/jobs/63rd/thumb 63rd_13.jpg
2002.09.08 18:07 B C:\Work\cary\cary actual\docs\jobs\63rd\thumb\63rd_14.jpg <-- cary concrete /var/www/htdocs/domain/www.caryconcrete.com/docs/jobs/63rd/thumb 63rd_14.jpg
2002.09.08 18:08 B C:\Work\cary\cary actual\docs\jobs\63rd\thumb\63rd_15.jpg <-- cary concrete /var/www/htdocs/domain/www.caryconcrete.com/docs/jobs/63rd/thumb 63rd_15.jpg
2002.09.08 18:08 B C:\Work\cary\cary actual\docs\jobs\63rd\thumb\63rd_16.jpg <-- cary concrete /var/www/htdocs/domain/www.caryconcrete.com/docs/jobs/63rd/thumb 63rd_16.jpg
2002.09.08 18:08 B C:\Work\cary\cary actual\docs\jobs\63rd\thumb\63rd_17.jpg <-- cary concrete /var/www/htdocs/domain/www.caryconcrete.com/docs/jobs/63rd/thumb 63rd_17.jpg
2002.09.08 18:08 B C:\Work\cary\cary actual\docs\jobs\63rd\thumb\63rd_18.jpg <-- cary concrete /var/www/htdocs/domain/www.caryconcrete.com/docs/jobs/63rd/thumb 63rd_18.jpg
2002.09.08 18:08 B C:\Work\cary\cary actual\docs\jobs\63rd\thumb\63rd_2.jpg <-- cary concrete /var/www/htdocs/domain/www.caryconcrete.com/docs/jobs/63rd/thumb 63rd_2.jpg
2002.09.08 18:08 B C:\Work\cary\cary actual\docs\jobs\63rd\thumb\63rd_3.jpg <-- cary concrete /var/www/htdocs/domain/www.caryconcrete.com/docs/jobs/63rd/thumb 63rd_3.jpg
2002.09.08 18:08 B C:\Work\cary\cary actual\docs\jobs\63rd\thumb\63rd_4.jpg <-- cary concrete /var/www/htdocs/domain/www.caryconcrete.com/docs/jobs/63rd/thumb 63rd_4.jpg
2002.09.08 18:08 B C:\Work\cary\cary actual\docs\jobs\63rd\thumb\63rd_5.jpg <-- cary concrete /var/www/htdocs/domain/www.caryconcrete.com/docs/jobs/63rd/thumb 63rd_5.jpg
2002.09.08 18:08 B C:\Work\cary\cary actual\docs\jobs\63rd\thumb\63rd_6.jpg <-- cary concrete /var/www/htdocs/domain/www.caryconcrete.com/docs/jobs/63rd/thumb 63rd_6.jpg
2002.09.08 18:08 B C:\Work\cary\cary actual\docs\jobs\63rd\thumb\63rd_7.jpg <-- cary concrete /var/www/htdocs/domain/www.caryconcrete.com/docs/jobs/63rd/thumb 63rd_7.jpg
2002.09.08 18:08 B C:\Work\cary\cary actual\docs\jobs\63rd\thumb\63rd_8.jpg <-- cary concrete /var/www/htdocs/domain/www.caryconcrete.com/docs/jobs/63rd/thumb 63rd_8.jpg
2002.09.08 18:08 B C:\Work\cary\cary actual\docs\jobs\63rd\thumb\63rd_9.jpg <-- cary concrete /var/www/htdocs/domain/www.caryconcrete.com/docs/jobs/63rd/thumb 63rd_9.jpg
2003.06.19 12:24 B c:\work\cary\cary actual\jobs\63rd\thumb\63rd_1.jpg --> maxx.mc.net /home/hamsa/public_html/caryconcrete/jobs/63rd/thumb 63rd_1.jpg
2003.06.19 12:24 B c:\work\cary\cary actual\jobs\63rd\thumb\63rd_10.jpg --> maxx.mc.net /home/hamsa/public_html/caryconcrete/jobs/63rd/thumb 63rd_10.jpg
2003.06.19 12:25 B c:\work\cary\cary actual\jobs\63rd\thumb\63rd_11.jpg --> maxx.mc.net /home/hamsa/public_html/caryconcrete/jobs/63rd/thumb 63rd_11.jpg
2003.06.19 12:25 B c:\work\cary\cary actual\jobs\63rd\thumb\63rd_12.jpg --> maxx.mc.net /home/hamsa/public_html/caryconcrete/jobs/63rd/thumb 63rd_12.jpg
2003.06.19 12:25 B c:\work\cary\cary actual\jobs\63rd\thumb\63rd_13.jpg --> maxx.mc.net /home/hamsa/public_html/caryconcrete/jobs/63rd/thumb 63rd_13.jpg
2003.06.19 12:25 B c:\work\cary\cary actual\jobs\63rd\thumb\63rd_14.jpg --> maxx.mc.net /home/hamsa/public_html/caryconcrete/jobs/63rd/thumb 63rd_14.jpg
2003.06.19 12:25 B c:\work\cary\cary actual\jobs\63rd\thumb\63rd_15.jpg --> maxx.mc.net /home/hamsa/public_html/caryconcrete/jobs/63rd/thumb 63rd_15.jpg
2003.06.19 12:25 B c:\work\cary\cary actual\jobs\63rd\thumb\63rd_16.jpg --> maxx.mc.net /home/hamsa/public_html/caryconcrete/jobs/63rd/thumb 63rd_16.jpg
2003.06.19 12:25 B c:\work\cary\cary actual\jobs\63rd\thumb\63rd_17.jpg --> maxx.mc.net /home/hamsa/public_html/caryconcrete/jobs/63rd/thumb 63rd_17.jpg
2003.06.19 12:25 B c:\work\cary\cary actual\jobs\63rd\thumb\63rd_18.jpg --> maxx.mc.net /home/hamsa/public_html/caryconcrete/jobs/63rd/thumb 63rd_18.jpg
2003.06.19 12:25 B c:\work\cary\cary actual\jobs\63rd\thumb\63rd_2.jpg --> maxx.mc.net /home/hamsa/public_html/caryconcrete/jobs/63rd/thumb 63rd_2.jpg
2003.06.19 12:26 B c:\work\cary\cary actual\jobs\63rd\thumb\63rd_3.jpg --> maxx.mc.net /home/hamsa/public_html/caryconcrete/jobs/63rd/thumb 63rd_3.jpg
2003.06.19 12:26 B c:\work\cary\cary actual\jobs\63rd\thumb\63rd_4.jpg --> maxx.mc.net /home/hamsa/public_html/caryconcrete/jobs/63rd/thumb 63rd_4.jpg
2003.06.19 12:26 B c:\work\cary\cary actual\jobs\63rd\thumb\63rd_5.jpg --> maxx.mc.net /home/hamsa/public_html/caryconcrete/jobs/63rd/thumb 63rd_5.jpg
2003.06.19 12:26 B c:\work\cary\cary actual\jobs\63rd\thumb\63rd_6.jpg --> maxx.mc.net /home/hamsa/public_html/caryconcrete/jobs/63rd/thumb 63rd_6.jpg
2003.06.19 12:26 B c:\work\cary\cary actual\jobs\63rd\thumb\63rd_7.jpg --> maxx.mc.net /home/hamsa/public_html/caryconcrete/jobs/63rd/thumb 63rd_7.jpg
2003.06.19 12:26 B c:\work\cary\cary actual\jobs\63rd\thumb\63rd_8.jpg --> maxx.mc.net /home/hamsa/public_html/caryconcrete/jobs/63rd/thumb 63rd_8.jpg
2003.06.19 12:26 B c:\work\cary\cary actual\jobs\63rd\thumb\63rd_9.jpg --> maxx.mc.net /home/hamsa/public_html/caryconcrete/jobs/63rd/thumb 63rd_9.jpg
2003.09.18 23:58 B e:\work\cary\jobs\63rd\thumb\WS_FTP.LOG <-- mc.net /home/hamsa/public_html/caryconcrete/jobs/63rd/thumb WS_FTP.LOG
2004.02.18 23:54 B e:\Work\cary\web\jobs\63rd\thumb\63rd_1.jpg --> ftp.studio2015.com /html/ben/cary/jobs/63rd/thumb 63rd_1.jpg
2004.02.18 23:54 B e:\Work\cary\web\jobs\63rd\thumb\63rd_10.jpg --> ftp.studio2015.com /html/ben/cary/jobs/63rd/thumb 63rd_10.jpg
2004.02.18 23:54 B e:\Work\cary\web\jobs\63rd\thumb\63rd_11.jpg --> ftp.studio2015.com /html/ben/cary/jobs/63rd/thumb 63rd_11.jpg
2004.02.18 23:54 B e:\Work\cary\web\jobs\63rd\thumb\63rd_12.jpg --> ftp.studio2015.com /html/ben/cary/jobs/63rd/thumb 63rd_12.jpg
2004.02.18 23:54 B e:\Work\cary\web\jobs\63rd\thumb\63rd_13.jpg --> ftp.studio2015.com /html/ben/cary/jobs/63rd/thumb 63rd_13.jpg
2004.02.18 23:54 B e:\Work\cary\web\jobs\63rd\thumb\63rd_14.jpg --> ftp.studio2015.com /html/ben/cary/jobs/63rd/thumb 63rd_14.jpg
2004.02.18 23:54 B e:\Work\cary\web\jobs\63rd\thumb\63rd_15.jpg --> ftp.studio2015.com /html/ben/cary/jobs/63rd/thumb 63rd_15.jpg
2004.02.18 23:54 B e:\Work\cary\web\jobs\63rd\thumb\63rd_16.jpg --> ftp.studio2015.com /html/ben/cary/jobs/63rd/thumb 63rd_16.jpg
2004.02.18 23:54 B e:\Work\cary\web\jobs\63rd\thumb\63rd_17.jpg --> ftp.studio2015.com /html/ben/cary/jobs/63rd/thumb 63rd_17.jpg
2004.02.18 23:54 B e:\Work\cary\web\jobs\63rd\thumb\63rd_18.jpg --> ftp.studio2015.com /html/ben/cary/jobs/63rd/thumb 63rd_18.jpg
2004.02.18 23:55 B e:\Work\cary\web\jobs\63rd\thumb\63rd_2.jpg --> ftp.studio2015.com /html/ben/cary/jobs/63rd/thumb 63rd_2.jpg
2004.02.18 23:55 B e:\Work\cary\web\jobs\63rd\thumb\63rd_3.jpg --> ftp.studio2015.com /html/ben/cary/jobs/63rd/thumb 63rd_3.jpg
2004.02.18 23:55 B e:\Work\cary\web\jobs\63rd\thumb\63rd_4.jpg --> ftp.studio2015.com /html/ben/cary/jobs/63rd/thumb 63rd_4.jpg
2004.02.18 23:55 B e:\Work\cary\web\jobs\63rd\thumb\63rd_5.jpg --> ftp.studio2015.com /html/ben/cary/jobs/63rd/thumb 63rd_5.jpg
2004.02.18 23:55 B e:\Work\cary\web\jobs\63rd\thumb\63rd_6.jpg --> ftp.studio2015.com /html/ben/cary/jobs/63rd/thumb 63rd_6.jpg
2004.02.18 23:55 B e:\Work\cary\web\jobs\63rd\thumb\63rd_7.jpg --> ftp.studio2015.com /html/ben/cary/jobs/63rd/thumb 63rd_7.jpg
2004.02.18 23:55 B e:\Work\cary\web\jobs\63rd\thumb\63rd_8.jpg --> ftp.studio2015.com /html/ben/cary/jobs/63rd/thumb 63rd_8.jpg
2004.02.18 23:55 B e:\Work\cary\web\jobs\63rd\thumb\63rd_9.jpg --> ftp.studio2015.com /html/ben/cary/jobs/63rd/thumb 63rd_9.jpg
2004.02.18 23:55 B e:\Work\cary\web\jobs\63rd\thumb\WS_FTP.LOG --> ftp.studio2015.com /html/ben/cary/jobs/63rd/thumb WS_FTP.LOG
